<?xml version="1.0" encoding="UTF-8"?>
<!-- Generated by org.testng.reporters.JUnitReportReporter -->
<testsuite skipped="0" hostname="INGUEUCLP000666" name="com.nisum.testCases.TestScenario" tests="1" failures="0" timestamp="28 Sep 2018 06:19:24 GMT" time="157.542" errors="0">
  <testcase name="ScenarioTest" time="157.542" classname="com.nisum.testCases.TestScenario"/>
</testsuite> <!-- com.nisum.testCases.TestScenario -->
