<?xml version="1.0" encoding="UTF-8"?>
<!-- Generated by org.testng.reporters.JUnitReportReporter -->
<testsuite skipped="0" hostname="INGUEUCLP000666" name="com.nisum.testCases.TestScenario" tests="1" failures="0" timestamp="27 Sep 2018 10:31:55 GMT" time="135.986" errors="0">
  <testcase name="ScenarioTest" time="135.986" classname="com.nisum.testCases.TestScenario"/>
</testsuite> <!-- com.nisum.testCases.TestScenario -->
