<?xml version="1.0" encoding="UTF-8"?>
<!-- Generated by org.testng.reporters.JUnitReportReporter -->
<testsuite skipped="2" hostname="INGUEUCLP000666" name="com.nisum.testCases.TestScenario" tests="2" failures="0" timestamp="26 Nov 2018 11:04:47 GMT" time="0.014" errors="0">
  <testcase name="skipTest" time="0.014" classname="com.nisum.testCases.TestScenario">
    <skipped/>
  </testcase> <!-- skipTest -->
  <testcase name="ScenarioTest" classname="com.nisum.testCases.TestScenario">
    <skipped/>
  </testcase> <!-- ScenarioTest -->
</testsuite> <!-- com.nisum.testCases.TestScenario -->
